<?xml version="1.0" encoding="UTF-8" standalone="no"?>
<testsuite errors="0" failures="1" name="io.cucumber.core.plugin.JUnitFormatter" skipped="0" tests="1" time="3.386">
    <testcase classname="As a user, I want to get the ability to add Product line-item to the Basket and get Order Summary calculation on the Checkout page" name="Checkout summary component automatically calculate Order total amount on the Checkout page" time="3.114">
        <failure message="Could not convert arguments for step [^(?:The |)(?:Guest |User |Registered User |RememberedMe User )open(?:s|) Product details page with ID=([\d]+)$] defined at 'com.cucumber.junit.steps.OrderSummaryCalculationSteps.openCucumberWebsite(int)'.&#10;The details are in the stacktrace below." type="io.cucumber.core.exception.CucumberException"><![CDATA[Given The User opens Product details page with ID=9780007419494.............failed
And The User clicks on the Add to basket button on the Product details page.skipped
And The User clicks on the Basket button in the pop-up on the Product Detail page.skipped
And The User clicks on the Checkout button on the Shopping Cart page........skipped
And The User fills in Email address input field.............................skipped
And The User fills in Full name input field.................................skipped
And The User clicks on Enter address manually button on the Checkout page...skipped
And The User fills in Address line 1 input field on the Checkout page.......skipped
And The User fills in Town input field on the Checkout page.................skipped
And The User fills in Postcode input field on the Checkout page.............skipped
And The User clicks on the Continue to payment button on the Checkout page..skipped
Then Checkout summary component calculates Order total amount on the Checkout page.skipped

StackTrace:
io.cucumber.core.exception.CucumberException: Could not convert arguments for step [^(?:The |)(?:Guest |User |Registered User |RememberedMe User )open(?:s|) Product details page with ID=([\d]+)$] defined at 'com.cucumber.junit.steps.OrderSummaryCalculationSteps.openCucumberWebsite(int)'.
The details are in the stacktrace below.
	at io.cucumber.core.runner.PickleStepDefinitionMatch.couldNotConvertArguments(PickleStepDefinitionMatch.java:119)
	at io.cucumber.core.runner.PickleStepDefinitionMatch.runStep(PickleStepDefinitionMatch.java:56)
	at io.cucumber.core.runner.TestStep.executeStep(TestStep.java:64)
	at io.cucumber.core.runner.TestStep.run(TestStep.java:49)
	at io.cucumber.core.runner.PickleStepTestStep.run(PickleStepTestStep.java:46)
	at io.cucumber.core.runner.TestCase.run(TestCase.java:51)
	at io.cucumber.core.runner.Runner.runPickle(Runner.java:66)
	at io.cucumber.junit.PickleRunners$NoStepDescriptions.run(PickleRunners.java:149)
	at io.cucumber.junit.FeatureRunner.runChild(FeatureRunner.java:83)
	at io.cucumber.junit.FeatureRunner.runChild(FeatureRunner.java:24)
	at org.junit.runners.ParentRunner$4.run(ParentRunner.java:331)
	at org.junit.runners.ParentRunner$1.schedule(ParentRunner.java:79)
	at org.junit.runners.ParentRunner.runChildren(ParentRunner.java:329)
	at org.junit.runners.ParentRunner.access$100(ParentRunner.java:66)
	at org.junit.runners.ParentRunner$2.evaluate(ParentRunner.java:293)
	at org.junit.runners.ParentRunner$3.evaluate(ParentRunner.java:306)
	at org.junit.runners.ParentRunner.run(ParentRunner.java:413)
	at io.cucumber.junit.Cucumber.runChild(Cucumber.java:185)
	at io.cucumber.junit.Cucumber.runChild(Cucumber.java:83)
	at org.junit.runners.ParentRunner$4.run(ParentRunner.java:331)
	at org.junit.runners.ParentRunner$1.schedule(ParentRunner.java:79)
	at org.junit.runners.ParentRunner.runChildren(ParentRunner.java:329)
	at org.junit.runners.ParentRunner.access$100(ParentRunner.java:66)
	at org.junit.runners.ParentRunner$2.evaluate(ParentRunner.java:293)
	at io.cucumber.junit.Cucumber$RunCucumber.evaluate(Cucumber.java:219)
	at org.junit.runners.ParentRunner$3.evaluate(ParentRunner.java:306)
	at org.junit.runners.ParentRunner.run(ParentRunner.java:413)
	at org.junit.runner.JUnitCore.run(JUnitCore.java:137)
	at com.intellij.junit4.JUnit4IdeaTestRunner.startRunnerWithArgs(JUnit4IdeaTestRunner.java:69)
	at com.intellij.rt.junit.IdeaTestRunner$Repeater.startRunnerWithArgs(IdeaTestRunner.java:33)
	at com.intellij.rt.junit.JUnitStarter.prepareStreamsAndStart(JUnitStarter.java:221)
	at com.intellij.rt.junit.JUnitStarter.main(JUnitStarter.java:54)
Caused by: io.cucumber.cucumberexpressions.CucumberExpressionException: ParameterType {anonymous} failed to transform [9780007419494] to int
	at io.cucumber.cucumberexpressions.ParameterType.transform(ParameterType.java:237)
	at io.cucumber.cucumberexpressions.Argument.getValue(Argument.java:67)
	at io.cucumber.core.stepexpression.ExpressionArgument.getValue(ExpressionArgument.java:15)
	at io.cucumber.core.runner.PickleStepDefinitionMatch.runStep(PickleStepDefinitionMatch.java:47)
	... 30 more
Caused by: java.lang.NumberFormatException: For input string: "9780007419494"
	at java.base/java.lang.NumberFormatException.forInputString(NumberFormatException.java:68)
	at java.base/java.lang.Integer.parseInt(Integer.java:652)
	at java.base/java.lang.Integer.valueOf(Integer.java:957)
	at java.base/java.lang.Integer.decode(Integer.java:1442)
	at io.cucumber.cucumberexpressions.BuiltInParameterTransformer.transform(BuiltInParameterTransformer.java:50)
	at io.cucumber.cucumberexpressions.RegularExpression.lambda$match$0(RegularExpression.java:61)
	at io.cucumber.cucumberexpressions.ParameterType$TransformerAdaptor.transform(ParameterType.java:269)
	at io.cucumber.cucumberexpressions.ParameterType.transform(ParameterType.java:233)
	... 33 more
]]></failure>
    </testcase>
</testsuite>
