<?xml version="1.0" encoding="UTF-8"?>
<testsuite xmlns:xsi="http://www.w3.org/2001/XMLSchema-instance" xsi:noNamespaceSchemaLocation="https://maven.apache.org/surefire/maven-surefire-plugin/xsd/surefire-test-report.xsd" name="As a user I want to get ability to use menu sections" time="21.774" tests="2" errors="0" skipped="0" failures="0">
  <properties>
[...]
</properties>
  <testcase name="Docs sections should contains appropriate columns" classname="As a user I want to get ability to use menu sections" time="12.744"/>
  <testcase name="Docs sections should contains appropriate columns" classname="As a user I want to get ability to use menu sections" time="9.03"/>
</testsuite>